2023-12-17 21:48:04,397 INFO c.e.ExcelParser [JavaFX Application Thread] Запуск приложения
2023-12-17 21:48:04,690 INFO c.e.ExcelParser [JavaFX Application Thread] Записана информация о студентах и оценках
2023-12-17 21:48:04,726 INFO c.e.ExcelParser [JavaFX Application Thread] Создан график
2023-12-17 21:48:04,771 INFO c.e.ExcelParser [JavaFX Application Thread] Готово
2023-12-17 21:49:46,639 INFO c.e.ExcelParser [JavaFX Application Thread] Запуск приложения
2023-12-17 21:49:46,884 INFO c.e.ExcelParser [JavaFX Application Thread] Записана информация о студентах и оценках
2023-12-17 21:49:46,918 INFO c.e.ExcelParser [JavaFX Application Thread] Создан график
2023-12-17 21:49:46,919 ERROR c.e.ExcelParser [JavaFX Application Thread] Ошибка выполнения приложения
java.io.FileNotFoundException: src\main\resources\output.xlsx (Процесс не может получить доступ к файлу, так как этот файл занят другим процессом)
	at java.io.RandomAccessFile.open0(Native Method) ~[?:?]
	at java.io.RandomAccessFile.open(RandomAccessFile.java:343) ~[?:?]
	at java.io.RandomAccessFile.<init>(RandomAccessFile.java:258) ~[?:?]
	at java.io.RandomAccessFile.<init>(RandomAccessFile.java:213) ~[?:?]
	at java.io.RandomAccessFile.<init>(RandomAccessFile.java:127) ~[?:?]
	at com.aspose.cells.b.a.d.zl.<init>(Unknown Source) ~[aspose-cells-21.6.jar:?]
	at com.aspose.cells.b.a.d.zl.<init>(Unknown Source) ~[aspose-cells-21.6.jar:?]
	at com.aspose.cells.b.a.d.zl.<init>(Unknown Source) ~[aspose-cells-21.6.jar:?]
	at com.aspose.cells.b.a.d.zl.<init>(Unknown Source) ~[aspose-cells-21.6.jar:?]
	at com.aspose.cells.b.a.d.ze.a(Unknown Source) ~[aspose-cells-21.6.jar:?]
	at com.aspose.cells.b.a.d.ze.<init>(Unknown Source) ~[aspose-cells-21.6.jar:?]
	at com.aspose.cells.b.a.d.zd.a(Unknown Source) ~[aspose-cells-21.6.jar:?]
	at com.aspose.cells.Workbook.save(Unknown Source) ~[aspose-cells-21.6.jar:?]
	at com.aspose.cells.Workbook.save(Unknown Source) ~[aspose-cells-21.6.jar:?]
	at com.excelparser.ExcelParser.processExcel(ExcelParser.java:76) ~[classes/:?]
	at com.excelparser.ExcelParser.start(ExcelParser.java:34) ~[classes/:?]
	at com.excelparser.MainController.lambda$initialize$0(MainController.java:20) ~[classes/:?]
	at com.sun.javafx.event.CompositeEventHandler.dispatchBubblingEvent(CompositeEventHandler.java:86) ~[javafx-base-17.0.6-win.jar:?]
	at com.sun.javafx.event.EventHandlerManager.dispatchBubblingEvent(EventHandlerManager.java:234) ~[javafx-base-17.0.6-win.jar:?]
	at com.sun.javafx.event.EventHandlerManager.dispatchBubblingEvent(EventHandlerManager.java:191) ~[javafx-base-17.0.6-win.jar:?]
	at com.sun.javafx.event.CompositeEventDispatcher.dispatchBubblingEvent(CompositeEventDispatcher.java:59) ~[javafx-base-17.0.6-win.jar:?]
	at com.sun.javafx.event.BasicEventDispatcher.dispatchEvent(BasicEventDispatcher.java:58) ~[javafx-base-17.0.6-win.jar:?]
	at com.sun.javafx.event.EventDispatchChainImpl.dispatchEvent(EventDispatchChainImpl.java:114) ~[javafx-base-17.0.6-win.jar:?]
	at com.sun.javafx.event.BasicEventDispatcher.dispatchEvent(BasicEventDispatcher.java:56) ~[javafx-base-17.0.6-win.jar:?]
	at com.sun.javafx.event.EventDispatchChainImpl.dispatchEvent(EventDispatchChainImpl.java:114) ~[javafx-base-17.0.6-win.jar:?]
	at com.sun.javafx.event.BasicEventDispatcher.dispatchEvent(BasicEventDispatcher.java:56) ~[javafx-base-17.0.6-win.jar:?]
	at com.sun.javafx.event.EventDispatchChainImpl.dispatchEvent(EventDispatchChainImpl.java:114) ~[javafx-base-17.0.6-win.jar:?]
	at com.sun.javafx.event.EventUtil.fireEventImpl(EventUtil.java:74) ~[javafx-base-17.0.6-win.jar:?]
	at com.sun.javafx.event.EventUtil.fireEvent(EventUtil.java:49) ~[javafx-base-17.0.6-win.jar:?]
	at javafx.event.Event.fireEvent(Event.java:198) ~[javafx-base-17.0.6-win.jar:?]
	at javafx.scene.Node.fireEvent(Node.java:8792) ~[javafx-graphics-17.0.6-win.jar:?]
	at javafx.scene.control.Button.fire(Button.java:203) ~[javafx-controls-17.0.6-win.jar:?]
	at com.sun.javafx.scene.control.behavior.ButtonBehavior.mouseReleased(ButtonBehavior.java:208) ~[javafx-controls-17.0.6-win.jar:?]
	at com.sun.javafx.scene.control.inputmap.InputMap.handle(InputMap.java:274) ~[javafx-controls-17.0.6-win.jar:?]
	at com.sun.javafx.event.CompositeEventHandler$NormalEventHandlerRecord.handleBubblingEvent(CompositeEventHandler.java:247) ~[javafx-base-17.0.6-win.jar:?]
	at com.sun.javafx.event.CompositeEventHandler.dispatchBubblingEvent(CompositeEventHandler.java:80) ~[javafx-base-17.0.6-win.jar:?]
	at com.sun.javafx.event.EventHandlerManager.dispatchBubblingEvent(EventHandlerManager.java:234) ~[javafx-base-17.0.6-win.jar:?]
	at com.sun.javafx.event.EventHandlerManager.dispatchBubblingEvent(EventHandlerManager.java:191) ~[javafx-base-17.0.6-win.jar:?]
	at com.sun.javafx.event.CompositeEventDispatcher.dispatchBubblingEvent(CompositeEventDispatcher.java:59) ~[javafx-base-17.0.6-win.jar:?]
	at com.sun.javafx.event.BasicEventDispatcher.dispatchEvent(BasicEventDispatcher.java:58) ~[javafx-base-17.0.6-win.jar:?]
	at com.sun.javafx.event.EventDispatchChainImpl.dispatchEvent(EventDispatchChainImpl.java:114) ~[javafx-base-17.0.6-win.jar:?]
	at com.sun.javafx.event.BasicEventDispatcher.dispatchEvent(BasicEventDispatcher.java:56) ~[javafx-base-17.0.6-win.jar:?]
	at com.sun.javafx.event.EventDispatchChainImpl.dispatchEvent(EventDispatchChainImpl.java:114) ~[javafx-base-17.0.6-win.jar:?]
	at com.sun.javafx.event.BasicEventDispatcher.dispatchEvent(BasicEventDispatcher.java:56) ~[javafx-base-17.0.6-win.jar:?]
	at com.sun.javafx.event.EventDispatchChainImpl.dispatchEvent(EventDispatchChainImpl.java:114) ~[javafx-base-17.0.6-win.jar:?]
	at com.sun.javafx.event.EventUtil.fireEventImpl(EventUtil.java:74) ~[javafx-base-17.0.6-win.jar:?]
	at com.sun.javafx.event.EventUtil.fireEvent(EventUtil.java:54) ~[javafx-base-17.0.6-win.jar:?]
	at javafx.event.Event.fireEvent(Event.java:198) ~[javafx-base-17.0.6-win.jar:?]
	at javafx.scene.Scene$MouseHandler.process(Scene.java:3897) ~[javafx-graphics-17.0.6-win.jar:?]
	at javafx.scene.Scene.processMouseEvent(Scene.java:1878) ~[javafx-graphics-17.0.6-win.jar:?]
	at javafx.scene.Scene$ScenePeerListener.mouseEvent(Scene.java:2623) ~[javafx-graphics-17.0.6-win.jar:?]
	at com.sun.javafx.tk.quantum.GlassViewEventHandler$MouseEventNotification.run(GlassViewEventHandler.java:411) ~[javafx-graphics-17.0.6-win.jar:?]
	at com.sun.javafx.tk.quantum.GlassViewEventHandler$MouseEventNotification.run(GlassViewEventHandler.java:301) ~[javafx-graphics-17.0.6-win.jar:?]
	at java.security.AccessController.doPrivileged(AccessController.java:391) ~[?:?]
	at com.sun.javafx.tk.quantum.GlassViewEventHandler.lambda$handleMouseEvent$2(GlassViewEventHandler.java:450) ~[javafx-graphics-17.0.6-win.jar:?]
	at com.sun.javafx.tk.quantum.QuantumToolkit.runWithoutRenderLock(QuantumToolkit.java:424) ~[javafx-graphics-17.0.6-win.jar:?]
	at com.sun.javafx.tk.quantum.GlassViewEventHandler.handleMouseEvent(GlassViewEventHandler.java:449) ~[javafx-graphics-17.0.6-win.jar:?]
	at com.sun.glass.ui.View.handleMouseEvent(View.java:557) ~[javafx-graphics-17.0.6-win.jar:?]
	at com.sun.glass.ui.View.notifyMouse(View.java:943) ~[javafx-graphics-17.0.6-win.jar:?]
	at com.sun.glass.ui.win.WinApplication._runLoop(Native Method) ~[javafx-graphics-17.0.6-win.jar:?]
	at com.sun.glass.ui.win.WinApplication.lambda$runLoop$3(WinApplication.java:184) ~[javafx-graphics-17.0.6-win.jar:?]
	at java.lang.Thread.run(Thread.java:831) [?:?]
2023-12-17 21:50:12,567 INFO c.e.ExcelParser [JavaFX Application Thread] Запуск приложения
2023-12-17 21:50:12,576 INFO c.e.ExcelParser [JavaFX Application Thread] Записана информация о студентах и оценках
2023-12-17 21:50:12,576 INFO c.e.ExcelParser [JavaFX Application Thread] Создан график
2023-12-17 21:50:12,621 INFO c.e.ExcelParser [JavaFX Application Thread] Готово
2023-12-17 21:50:22,004 INFO c.e.ExcelParser [JavaFX Application Thread] Запуск приложения
2023-12-17 21:50:22,011 INFO c.e.ExcelParser [JavaFX Application Thread] Записана информация о студентах и оценках
2023-12-17 21:50:22,012 INFO c.e.ExcelParser [JavaFX Application Thread] Создан график
2023-12-17 21:50:22,017 INFO c.e.ExcelParser [JavaFX Application Thread] Готово
